2019-10-05 21:06:12.952|21797106-aca6-4271-9c5d-0b90cf9f1255|INFO|1745448580-210612-0 会回话开始:
2019-10-05 21:06:18.164|21797106-aca6-4271-9c5d-0b90cf9f1255|INFO|recognize interrupted by command.
2019-10-05 21:06:18.168|21797106-aca6-4271-9c5d-0b90cf9f1255|INFO|(+5215) 1745448580-210612-0: 开始发送文本回复：现在是21点06分，我已联网，随时听候你的吩咐
2019-10-05 21:06:18.478|21797106-aca6-4271-9c5d-0b90cf9f1255|INFO|get token: 2675de7e600a4fc6b92aab5909faf5a1, expire time: 1570367178
2019-10-05 21:06:20.494|21797106-aca6-4271-9c5d-0b90cf9f1255|INFO|(+7541) 1745448580-210612-0: 文本回复发送完毕
2019-10-05 21:06:20.494|21797106-aca6-4271-9c5d-0b90cf9f1255|INFO|conversation 1745448580-210612-0 finished!
2019-10-05 21:08:50.354|21797106-aca6-4271-9c5d-0b90cf9f1255|INFO|conversation 1316484712-210850-25 started!
2019-10-05 21:08:50.354|21797106-aca6-4271-9c5d-0b90cf9f1255|INFO|1316484712-210850-25 会回话开始:
2019-10-05 21:08:50.362|21797106-aca6-4271-9c5d-0b90cf9f1255|INFO|recognize interrupted by command.
2019-10-05 21:08:50.363|21797106-aca6-4271-9c5d-0b90cf9f1255|INFO|(+8) 1316484712-210850-25: 开始发送文本回复：现在是21点08分，我已联网，随时听候你的吩咐
2019-10-05 21:08:51.845|21797106-aca6-4271-9c5d-0b90cf9f1255|INFO|(+1490) 1316484712-210850-25: 文本回复发送完毕
2019-10-05 21:08:51.846|21797106-aca6-4271-9c5d-0b90cf9f1255|INFO|conversation 1316484712-210850-25 finished!
2019-10-05 21:13:00.297|21797106-aca6-4271-9c5d-0b90cf9f1255|INFO|conversation 462607216-211300-50 started!
2019-10-05 21:13:00.297|21797106-aca6-4271-9c5d-0b90cf9f1255|INFO|462607216-211300-50 会回话开始:
2019-10-05 21:13:00.302|21797106-aca6-4271-9c5d-0b90cf9f1255|INFO|recognize interrupted by command.
2019-10-05 21:16:12.952|30c90e37-b14d-4c59-9325-759df5d13b53|INFO|1745448580-210612-0 会回话开始:
2019-10-05 21:16:18.164|30c90e37-b14d-4c59-9325-759df5d13b53|INFO|recognize interrupted by command.
2019-10-05 21:16:18.168|30c90e37-b14d-4c59-9325-759df5d13b53|INFO|(+5215) 1745448580-210612-0: 开始发送文本回复：现在是21点06分，我已联网，随时听候你的吩咐
2019-10-05 21:16:18.478|30c90e37-b14d-4c59-9325-759df5d13b53|INFO|get token: 2675de7e600a4fc6b92aab5909faf5a1, expire time: 1570367178
2019-10-05 21:16:20.494|30c90e37-b14d-4c59-9325-759df5d13b53|INFO|(+7541) 1745448580-210612-0: 文本回复发送完毕
2019-10-05 21:16:20.494|30c90e37-b14d-4c59-9325-759df5d13b53|INFO|conversation 1745448580-210612-0 finished!
2019-10-05 21:18:50.354|30c90e37-b14d-4c59-9325-759df5d13b53|INFO|conversation 1316484712-210850-25 started!
2019-10-05 21:18:50.354|30c90e37-b14d-4c59-9325-759df5d13b53|INFO|1316484712-210850-25 会回话开始:
2019-10-05 21:18:50.362|30c90e37-b14d-4c59-9325-759df5d13b53|INFO|recognize interrupted by command.
2019-10-05 21:18:50.363|30c90e37-b14d-4c59-9325-759df5d13b53|INFO|(+8) 1316484712-210850-25: 开始发送文本回复：现在是21点08分，我已联网，随时听候你的吩咐
2019-10-05 21:18:51.845|30c90e37-b14d-4c59-9325-759df5d13b53|INFO|(+1490) 1316484712-210850-25: 文本回复发送完毕
2019-10-05 21:18:51.846|30c90e37-b14d-4c59-9325-759df5d13b53|INFO|conversation 1316484712-210850-25 finished!
2019-10-05 21:23:00.297|30c90e37-b14d-4c59-9325-759df5d13b53|INFO|conversation 462607216-211300-50 started!
2019-10-05 21:23:00.297|30c90e37-b14d-4c59-9325-759df5d13b53|INFO|462607216-211300-50 会回话开始:
2019-10-05 21:23:00.302|30c90e37-b14d-4c59-9325-759df5d13b53|INFO|recognize interrupted by command.
2019-10-05 21:23:01.302|30c90e37-b14d-4c59-9325-759df5d13b53|INFO|recognize interrupted by command.