2019-11-06 14:33:30.130|PlayTTSEndCommand|27fa0ee7-3bd4-3e8a-8540-ba063bff88ad|INFO|B|响应指令
2019-11-06 14:33:43.071|WakeupService|27fa0ee7-3bd4-3e8a-8540-ba063bff88ad|INFO|B|发起唤醒:ni2-hao2-xiao3-qian1
2019-11-06 14:33:44.335|AudioPlayer|27fa0ee7-3bd4-3e8a-8540-ba063bff88ad|INFO|B|唤醒确认
2019-11-06 14:33:48.675|AudioSender|27fa0ee7-3bd4-3e8a-8540-ba063bff88ad|INFO|B|发起指令
2019-11-06 14:33:48.804|VolumeQueryCommand|27fa0ee7-3bd4-3e8a-8540-ba063bff88ad|INFO|B|执行指令：查询音量
2019-11-06 14:33:49.756|PlayTTSEndCommand|27fa0ee7-3bd4-3e8a-8540-ba063bff88ad|INFO|B|响应指令
2019-11-06 14:33:52.985|WakeupService|27fa0ee7-3bd4-3e8a-8540-ba063bff88ad|INFO|B|发起唤醒:ni2-hao2-xiao3-qian1
2019-11-06 14:33:53.721|AudioPlayer|27fa0ee7-3bd4-3e8a-8540-ba063bff88ad|INFO|B|唤醒确认
2019-11-06 14:33:59.265|AudioSender|27fa0ee7-3bd4-3e8a-8540-ba063bff88ad|INFO|B|发起指令
2019-11-06 14:34:00.454|PlayTTSEndCommand|27fa0ee7-3bd4-3e8a-8540-ba063bff88ad|INFO|B|响应指令
2019-11-06 14:34:00.458|CommandCenter|27fa0ee7-3bd4-3e8a-8540-ba063bff88ad|INFO|B|执行指令：无效提问
2019-11-06 14:34:04.833|WakeupService|27fa0ee7-3bd4-3e8a-8540-ba063bff88ad|INFO|B|发起唤醒:ni2-hao2-xiao3-qian1
2019-11-06 14:34:05.691|AudioPlayer|27fa0ee7-3bd4-3e8a-8540-ba063bff88ad|INFO|B|唤醒确认
2019-11-06 14:34:10.223|AudioSender|27fa0ee7-3bd4-3e8a-8540-ba063bff88ad|INFO|B|发起指令
2019-11-06 14:34:12.500|PlayTTSEndCommand|27fa0ee7-3bd4-3e8a-8540-ba063bff88ad|INFO|B|响应指令
2019-11-06 14:34:12.507|PlayNewContentCommand|27fa0ee7-3bd4-3e8a-8540-ba063bff88ad|INFO|B|执行指令：开始播放
2019-11-06 14:34:17.305|WakeupService|27fa0ee7-3bd4-3e8a-8540-ba063bff88ad|INFO|B|发起唤醒:ni2-hao2-xiao3-qian1
2019-11-06 14:34:18.640|AudioPlayer|27fa0ee7-3bd4-3e8a-8540-ba063bff88ad|INFO|B|唤醒确认
2019-11-06 14:34:21.263|AudioSender|27fa0ee7-3bd4-3e8a-8540-ba063bff88ad|INFO|B|发起指令
2019-11-06 14:34:22.204|PlayTTSEndCommand|27fa0ee7-3bd4-3e8a-8540-ba063bff88ad|INFO|B|响应指令
2019-11-06 14:34:25.964|WakeupService|27fa0ee7-3bd4-3e8a-8540-ba063bff88ad|INFO|B|发起唤醒:ni2-hao2-xiao3-qian1
2019-11-06 14:34:26.893|AudioPlayer|27fa0ee7-3bd4-3e8a-8540-ba063bff88ad|INFO|B|唤醒确认
2019-11-06 14:34:29.787|AudioSender|27fa0ee7-3bd4-3e8a-8540-ba063bff88ad|INFO|B|发起指令
2019-11-06 14:34:40.686|WakeupService|27fa0ee7-3bd4-3e8a-8540-ba063bff88ad|INFO|B|发起唤醒:ni2-hao2-xiao3-qian1
2019-11-06 14:34:41.979|AudioPlayer|27fa0ee7-3bd4-3e8a-8540-ba063bff88ad|INFO|B|唤醒确认
2019-11-06 14:34:44.863|AudioSender|27fa0ee7-3bd4-3e8a-8540-ba063bff88ad|INFO|B|发起指令
2019-11-06 14:35:01.157|WakeupService|27fa0ee7-3bd4-3e8a-8540-ba063bff88ad|INFO|B|发起唤醒:ni2-hao2-xiao3-qian1
2019-11-06 14:35:02.402|AudioPlayer|27fa0ee7-3bd4-3e8a-8540-ba063bff88ad|INFO|B|唤醒确认
2019-11-06 14:35:05.744|AudioSender|27fa0ee7-3bd4-3e8a-8540-ba063bff88ad|INFO|B|发起指令
2019-11-06 14:35:23.226|WakeupService|27fa0ee7-3bd4-3e8a-8540-ba063bff88ad|INFO|B|发起唤醒:ni2-hao2-xiao3-qian1
2019-11-06 14:35:24.208|AudioPlayer|27fa0ee7-3bd4-3e8a-8540-ba063bff88ad|INFO|B|唤醒确认
2019-11-06 14:35:34.183|AudioSender|27fa0ee7-3bd4-3e8a-8540-ba063bff88ad|INFO|B|发起指令
